<?xml version="1.0" encoding="UTF-8"?>
<testsuite xmlns:xsi="http://www.w3.org/2001/XMLSchema-instance" xsi:noNamespaceSchemaLocation="https://maven.apache.org/surefire/maven-surefire-plugin/xsd/surefire-test-report-3.0.xsd" version="3.0" name="com.dermascan.api.controller.AuthControllerTest" time="8.464" tests="5" errors="0" skipped="0" failures="0">
  <properties>
[...]
</properties>
  <testcase name="testRegisterUser_Success" classname="com.dermascan.api.controller.AuthControllerTest" time="1.057">
    <system-out><![CDATA[04:17:32.034 [main] INFO org.springframework.test.context.support.AnnotationConfigContextLoaderUtils -- Could not detect default configuration classes for test class [com.dermascan.api.controller.AuthControllerTest]: AuthControllerTest does not declare any static, non-private, non-final, nested classes annotated with @Configuration.
04:17:32.210 [main] INFO org.springframework.boot.test.context.SpringBootTestContextBootstrapper -- Found @SpringBootConfiguration com.dermascan.api.DermaScanApplication for test class com.dermascan.api.controller.AuthControllerTest

  .   ____          _            __ _ _
 /\\ / ___'_ __ _ _(_)_ __  __ _ \ \ \ \
( ( )\___ | '_ | '_| | '_ \/ _` | \ \ \ \
 \\/  ___)| |_)| | | | | || (_| |  ) ) ) )
  '  |____| .__|_| |_|_| |_\__, | / / / /
 =========|_|==============|___/=/_/_/_/
 :: Spring Boot ::                (v3.2.0)

2025-11-30T04:17:32.794Z  INFO 19560 --- [backend-api] [           main] c.d.api.controller.AuthControllerTest    : Starting AuthControllerTest using Java 17.0.17 with PID 19560 (started by tiago in C:\Users\tiago\.gemini\antigravity\scratch\DermaScan\backend-api)
2025-11-30T04:17:32.796Z  INFO 19560 --- [backend-api] [           main] c.d.api.controller.AuthControllerTest    : No active profile set, falling back to 1 default profile: "default"
2025-11-30T04:17:33.598Z  INFO 19560 --- [backend-api] [           main] .s.d.r.c.RepositoryConfigurationDelegate : Bootstrapping Spring Data JPA repositories in DEFAULT mode.
2025-11-30T04:17:33.668Z  INFO 19560 --- [backend-api] [           main] .s.d.r.c.RepositoryConfigurationDelegate : Finished Spring Data repository scanning in 60 ms. Found 2 JPA repository interfaces.
2025-11-30T04:17:34.313Z  INFO 19560 --- [backend-api] [           main] o.hibernate.jpa.internal.util.LogHelper  : HHH000204: Processing PersistenceUnitInfo [name: default]
2025-11-30T04:17:34.416Z  INFO 19560 --- [backend-api] [           main] org.hibernate.Version                    : HHH000412: Hibernate ORM core version 6.3.1.Final
2025-11-30T04:17:34.472Z  INFO 19560 --- [backend-api] [           main] o.h.c.internal.RegionFactoryInitiator    : HHH000026: Second-level cache disabled
2025-11-30T04:17:34.817Z  INFO 19560 --- [backend-api] [           main] o.s.o.j.p.SpringPersistenceUnitInfo      : No LoadTimeWeaver setup: ignoring JPA class transformer
2025-11-30T04:17:34.852Z  INFO 19560 --- [backend-api] [           main] com.zaxxer.hikari.HikariDataSource       : HikariPool-1 - Starting...
2025-11-30T04:17:35.112Z  INFO 19560 --- [backend-api] [           main] com.zaxxer.hikari.pool.HikariPool        : HikariPool-1 - Added connection conn0: url=jdbc:h2:mem:dermascan user=SA
2025-11-30T04:17:35.114Z  INFO 19560 --- [backend-api] [           main] com.zaxxer.hikari.HikariDataSource       : HikariPool-1 - Start completed.
2025-11-30T04:17:35.149Z  WARN 19560 --- [backend-api] [           main] org.hibernate.orm.deprecation            : HHH90000025: H2Dialect does not need to be specified explicitly using 'hibernate.dialect' (remove the property setting and it will be selected by default)
2025-11-30T04:17:36.245Z  INFO 19560 --- [backend-api] [           main] o.h.e.t.j.p.i.JtaPlatformInitiator       : HHH000489: No JTA platform available (set 'hibernate.transaction.jta.platform' to enable JTA platform integration)
2025-11-30T04:17:36.342Z  INFO 19560 --- [backend-api] [           main] j.LocalContainerEntityManagerFactoryBean : Initialized JPA EntityManagerFactory for persistence unit 'default'
2025-11-30T04:17:37.207Z  WARN 19560 --- [backend-api] [           main] JpaBaseConfiguration$JpaWebConfiguration : spring.jpa.open-in-view is enabled by default. Therefore, database queries may be performed during view rendering. Explicitly configure spring.jpa.open-in-view to disable this warning
2025-11-30T04:17:37.903Z  INFO 19560 --- [backend-api] [           main] o.s.s.web.DefaultSecurityFilterChain     : Will secure any request with [org.springframework.security.web.session.DisableEncodeUrlFilter@2df24f19, org.springframework.security.web.context.request.async.WebAsyncManagerIntegrationFilter@c76762, org.springframework.security.web.context.SecurityContextHolderFilter@363e2009, org.springframework.security.web.header.HeaderWriterFilter@42fb2be9, org.springframework.web.filter.CorsFilter@5318731f, org.springframework.security.web.authentication.logout.LogoutFilter@11c40a65, com.dermascan.api.security.AuthTokenFilter@496004e3, org.springframework.security.web.savedrequest.RequestCacheAwareFilter@3615f8d9, org.springframework.security.web.servletapi.SecurityContextHolderAwareRequestFilter@5d200dce, org.springframework.security.web.authentication.AnonymousAuthenticationFilter@2db82155, org.springframework.security.web.session.SessionManagementFilter@76876421, org.springframework.security.web.access.ExceptionTranslationFilter@58038583, org.springframework.security.web.access.intercept.AuthorizationFilter@10b7b5f0]
2025-11-30T04:17:38.387Z  INFO 19560 --- [backend-api] [           main] o.s.b.a.h2.H2ConsoleAutoConfiguration    : H2 console available at '/h2-console'. Database available at 'jdbc:h2:mem:dermascan'
2025-11-30T04:17:38.477Z  INFO 19560 --- [backend-api] [           main] o.s.b.t.m.w.SpringBootMockServletContext : Initializing Spring TestDispatcherServlet ''
2025-11-30T04:17:38.477Z  INFO 19560 --- [backend-api] [           main] o.s.t.web.servlet.TestDispatcherServlet  : Initializing Servlet ''
2025-11-30T04:17:38.478Z  INFO 19560 --- [backend-api] [           main] o.s.t.web.servlet.TestDispatcherServlet  : Completed initialization in 1 ms
2025-11-30T04:17:38.511Z  INFO 19560 --- [backend-api] [           main] c.d.api.controller.AuthControllerTest    : Started AuthControllerTest in 6.042 seconds (process running for 7.327)
]]></system-out>
  </testcase>
  <testcase name="testRegisterUser_DuplicateUsername" classname="com.dermascan.api.controller.AuthControllerTest" time="0.101"/>
  <testcase name="testLoginUser_Success" classname="com.dermascan.api.controller.AuthControllerTest" time="0.317"/>
  <testcase name="testLoginUser_InvalidCredentials" classname="com.dermascan.api.controller.AuthControllerTest" time="0.165"/>
  <testcase name="testRegisterUser_DuplicateEmail" classname="com.dermascan.api.controller.AuthControllerTest" time="0.09"/>
</testsuite>